<?xml version="1.0" encoding="UTF-8"?>
<!-- Generated by org.testng.reporters.JUnitReportReporter -->
<testsuite hostname="LAPTOP-A38V3DO6" failures="0" tests="2" name="saketshankar.Tests.check" time="4.424" errors="0" timestamp="2023-07-01T18:23:18 IST" skipped="0">
  <testcase classname="saketshankar.Tests.check" name="hiturl" time="1.906"/>
  <testcase classname="saketshankar.Tests.check" name="hiturl" time="2.518"/>
</testsuite> <!-- saketshankar.Tests.check -->
